<?xml version="1.0" encoding="UTF-8"?>
<!-- Generated by org.testng.reporters.JUnitReportReporter -->
<testsuite hostname="DESKTOP-8HN186T" failures="0" tests="1" name="createAccountTestcases.TC_08_CreateAccount" time="8.930" errors="0" timestamp="2024-09-09T19:07:09 IST" skipped="0">
  <testcase classname="createAccountTestcases.TC_08_CreateAccount" name="createAccount" time="8.930"/>
</testsuite> <!-- createAccountTestcases.TC_08_CreateAccount -->
