<?xml version="1.0" encoding="UTF-8"?>
<!-- Generated by org.testng.reporters.JUnitReportReporter -->
<testsuite hostname="DESKTOP-UG42IG5" failures="0" tests="1" name="testcases_general.TC02_SignInAsOrgManager" time="33.085" errors="0" timestamp="2025-03-06T22:03:05 IST" skipped="0">
  <testcase classname="testcases_general.TC02_SignInAsOrgManager" name="signInCreateWorkspace" time="33.085"/>
  <system-out/>
</testsuite> <!-- testcases_general.TC02_SignInAsOrgManager -->
