<?xml version="1.0" encoding="UTF-8"?>
<!-- Generated by org.testng.reporters.JUnitReportReporter -->
<testsuite hostname="DESKTOP-UG42IG5" failures="0" tests="1" name="testcases.TC_03_CompleteVideo" time="23.224" errors="0" timestamp="2024-09-17T10:48:19 IST" skipped="0">
  <testcase classname="testcases.TC_03_CompleteVideo" name="createAccount" time="23.224"/>
</testsuite> <!-- testcases.TC_03_CompleteVideo -->
