<?xml version="1.0" encoding="UTF-8"?>
<!-- Generated by org.testng.reporters.JUnitReportReporter -->
<testsuite hostname="DESKTOP-UG42IG5" failures="0" tests="1" name="testcase_assessment_module.TC_02_Topic_Level_Assessment" time="34.274" errors="0" timestamp="2024-09-19T10:20:22 IST" skipped="0">
  <testcase classname="testcase_assessment_module.TC_02_Topic_Level_Assessment" name="createAccount" time="34.274"/>
</testsuite> <!-- testcase_assessment_module.TC_02_Topic_Level_Assessment -->
