<?xml version="1.0" encoding="UTF-8"?>
<!-- Generated by org.testng.reporters.JUnitReportReporter -->
<testsuite hostname="DESKTOP-8HN186T" failures="0" tests="1" name="myCoursePage.TC_01_MyCoursePage" time="32.919" errors="0" timestamp="2024-09-03T11:15:42 IST" skipped="0">
  <testcase classname="myCoursePage.TC_01_MyCoursePage" name="Mycoursepage" time="32.919"/>
</testsuite> <!-- myCoursePage.TC_01_MyCoursePage -->
