<?xml version="1.0" encoding="UTF-8"?>
<!-- Generated by org.testng.reporters.JUnitReportReporter -->
<testsuite hostname="DESKTOP-8HN186T" failures="0" tests="1" name="createAccountModule.TC_03_CreateAccount" time="12.528" errors="0" timestamp="2024-09-14T17:32:15 IST" skipped="0">
  <testcase classname="createAccountModule.TC_03_CreateAccount" name="createAccount" time="12.528"/>
</testsuite> <!-- createAccountModule.TC_03_CreateAccount -->
