<?xml version="1.0" encoding="UTF-8"?>
<!-- Generated by org.testng.reporters.JUnitReportReporter -->
<testsuite hostname="DESKTOP-8HN186T" failures="0" tests="1" name="myCoursePageModule.TC_01_MyCoursePage" time="38.437" errors="0" timestamp="2024-09-17T15:52:15 IST" skipped="0">
  <testcase classname="myCoursePageModule.TC_01_MyCoursePage" name="Mycoursepage" time="38.437"/>
</testsuite> <!-- myCoursePageModule.TC_01_MyCoursePage -->
