<?xml version="1.0" encoding="UTF-8"?>
<!-- Generated by org.testng.reporters.JUnitReportReporter -->
<testsuite hostname="DESKTOP-UG42IG5" failures="0" tests="1" name="testcase_assessment_module.TC_07_Incomplete_Course_Level_Assessment" time="29.873" errors="0" timestamp="2024-09-23T12:48:04 IST" skipped="0">
  <testcase classname="testcase_assessment_module.TC_07_Incomplete_Course_Level_Assessment" name="createAccount" time="29.873"/>
</testsuite> <!-- testcase_assessment_module.TC_07_Incomplete_Course_Level_Assessment -->
