<?xml version="1.0" encoding="UTF-8"?>
<!-- Generated by org.testng.reporters.JUnitReportReporter -->
<testsuite hostname="DESKTOP-UG42IG5" failures="0" tests="1" name="testcases.TC_02_TakeAssessment" time="44.607" errors="0" timestamp="2024-08-20T11:58:38 IST" skipped="0">
  <testcase classname="testcases.TC_02_TakeAssessment" name="createAccount" time="44.607"/>
</testsuite> <!-- testcases.TC_02_TakeAssessment -->
