<?xml version="1.0" encoding="UTF-8"?>
<!-- Generated by org.testng.reporters.JUnitReportReporter -->
<testsuite hostname="DESKTOP-8HN186T" failures="0" tests="1" name="createAccountTestcases.TC01_CreateAccount" time="14.570" errors="0" timestamp="2024-09-09T17:28:11 IST" skipped="0">
  <testcase classname="createAccountTestcases.TC01_CreateAccount" name="createAccount" time="14.570"/>
</testsuite> <!-- createAccountTestcases.TC01_CreateAccount -->
