<?xml version="1.0" encoding="UTF-8"?>
<!-- Generated by org.testng.reporters.JUnitReportReporter -->
<testsuite hostname="DESKTOP-8HN186T" failures="0" tests="1" name="signInPage.TC_02_SignInpage" time="19.280" errors="0" timestamp="2024-08-29T11:30:34 IST" skipped="0">
  <testcase classname="signInPage.TC_02_SignInpage" name="SignInpage" time="19.280"/>
</testsuite> <!-- signInPage.TC_02_SignInpage -->
