<?xml version="1.0" encoding="UTF-8"?>
<!-- Generated by org.testng.reporters.JUnitReportReporter -->
<testsuite hostname="DESKTOP-8HN186T" failures="0" tests="1" name="profilePage.TC_05_profilePage" time="248.323" errors="0" timestamp="2024-08-28T17:17:04 IST" skipped="0">
  <testcase classname="profilePage.TC_05_profilePage" name="Profilepage" time="248.323"/>
</testsuite> <!-- profilePage.TC_05_profilePage -->
