<?xml version="1.0" encoding="UTF-8"?>
<!-- Generated by org.testng.reporters.JUnitReportReporter -->
<testsuite hostname="DESKTOP-UG42IG5" failures="0" tests="1" name="testcase_assessment_module.TC_06_Course_Level_Assessment" time="45.478" errors="0" timestamp="2024-09-23T12:45:06 IST" skipped="0">
  <testcase classname="testcase_assessment_module.TC_06_Course_Level_Assessment" name="createAccount" time="45.478"/>
</testsuite> <!-- testcase_assessment_module.TC_06_Course_Level_Assessment -->
