<?xml version="1.0" encoding="UTF-8"?>
<!-- Generated by org.testng.reporters.JUnitReportReporter -->
<testsuite hostname="DESKTOP-UG42IG5" failures="0" tests="1" name="testcases.TC05_CheckAllWorkSpace" time="30.729" errors="0" timestamp="2025-03-06T23:00:25 IST" skipped="0">
  <testcase classname="testcases.TC05_CheckAllWorkSpace" name="signInCreateWorkspace" time="30.729"/>
  <system-out/>
</testsuite> <!-- testcases.TC05_CheckAllWorkSpace -->
