<?xml version="1.0" encoding="UTF-8"?>
<!-- Generated by org.testng.reporters.JUnitReportReporter -->
<testsuite hostname="DESKTOP-UG42IG5" failures="0" tests="1" name="myCoursePageModule.TC_05_Chapter_N_Topic_Assessment" time="33.611" errors="0" timestamp="2024-09-20T18:10:14 IST" skipped="0">
  <testcase classname="myCoursePageModule.TC_05_Chapter_N_Topic_Assessment" name="Mycoursepage" time="33.611"/>
</testsuite> <!-- myCoursePageModule.TC_05_Chapter_N_Topic_Assessment -->
