<?xml version="1.0" encoding="UTF-8"?>
<!-- Generated by org.testng.reporters.JUnitReportReporter -->
<testsuite hostname="DESKTOP-UG42IG5" failures="0" tests="1" name="testcase_assessment_module.TC_07_Pass_Fail_Check" time="38.088" errors="0" timestamp="2024-09-20T15:44:23 IST" skipped="0">
  <testcase classname="testcase_assessment_module.TC_07_Pass_Fail_Check" name="createAccount" time="38.088"/>
</testsuite> <!-- testcase_assessment_module.TC_07_Pass_Fail_Check -->
