<?xml version="1.0" encoding="UTF-8"?>
<!-- Generated by org.testng.reporters.JUnitReportReporter -->
<testsuite hostname="DESKTOP-8HN186T" failures="0" tests="1" name="profilePageModule.TC_05_ProfilePage" time="240.828" errors="0" timestamp="2024-09-14T18:00:11 IST" skipped="0">
  <testcase classname="profilePageModule.TC_05_ProfilePage" name="Profilepage" time="240.828"/>
</testsuite> <!-- profilePageModule.TC_05_ProfilePage -->
