<?xml version="1.0" encoding="UTF-8"?>
<!-- Generated by org.testng.reporters.JUnitReportReporter -->
<testsuite hostname="DESKTOP-8HN186T" failures="0" tests="1" name="cartPage.TC_01_cartPage" time="135.238" errors="0" timestamp="2024-09-02T17:27:53 IST" skipped="0">
  <testcase classname="cartPage.TC_01_cartPage" name="Cartpage" time="135.238"/>
</testsuite> <!-- cartPage.TC_01_cartPage -->
