<?xml version="1.0" encoding="UTF-8"?>
<!-- Generated by org.testng.reporters.JUnitReportReporter -->
<testsuite hostname="DESKTOP-8HN186T" failures="0" tests="1" name="allCoursePageTestcases.TC_01_AllcoursePage" time="84.052" errors="0" timestamp="2024-09-11T22:18:25 IST" skipped="0">
  <testcase classname="allCoursePageTestcases.TC_01_AllcoursePage" name="AllcoursePage" time="84.052"/>
</testsuite> <!-- allCoursePageTestcases.TC_01_AllcoursePage -->
