<?xml version="1.0" encoding="UTF-8"?>
<!-- Generated by org.testng.reporters.JUnitReportReporter -->
<testsuite hostname="DESKTOP-8HN186T" failures="0" tests="1" name="signInPage.TC_04_SignInpage" time="102.266" errors="0" timestamp="2024-08-29T19:53:02 IST" skipped="0">
  <testcase classname="signInPage.TC_04_SignInpage" name="SignInpage" time="102.266"/>
</testsuite> <!-- signInPage.TC_04_SignInpage -->
