<?xml version="1.0" encoding="UTF-8"?>
<!-- Generated by org.testng.reporters.JUnitReportReporter -->
<testsuite hostname="DESKTOP-8HN186T" failures="0" tests="1" name="cartPageModule.TC_01_cartPage" time="161.570" errors="0" timestamp="2024-09-20T15:51:29 IST" skipped="0">
  <testcase classname="cartPageModule.TC_01_cartPage" name="Cartpage" time="161.570"/>
</testsuite> <!-- cartPageModule.TC_01_cartPage -->
