<?xml version="1.0" encoding="UTF-8"?>
<!-- Generated by org.testng.reporters.JUnitReportReporter -->
<testsuite hostname="DESKTOP-8HN186T" failures="0" tests="1" name="signInPage.TC_03_SignInpage" time="130.546" errors="0" timestamp="2024-08-29T18:16:36 IST" skipped="0">
  <testcase classname="signInPage.TC_03_SignInpage" name="SignInpage" time="130.546"/>
</testsuite> <!-- signInPage.TC_03_SignInpage -->
