<?xml version="1.0" encoding="UTF-8"?>
<!-- Generated by org.testng.reporters.JUnitReportReporter -->
<testsuite hostname="DESKTOP-UG42IG5" failures="0" tests="1" name="myCoursePageModule.TC_05_Video_Completion_Check" time="21.038" errors="0" timestamp="2024-09-20T17:14:45 IST" skipped="0">
  <testcase classname="myCoursePageModule.TC_05_Video_Completion_Check" name="Mycoursepage" time="21.038"/>
</testsuite> <!-- myCoursePageModule.TC_05_Video_Completion_Check -->
