<?xml version="1.0" encoding="UTF-8"?>
<!-- Generated by org.testng.reporters.JUnitReportReporter -->
<testsuite hostname="DESKTOP-UG42IG5" failures="0" tests="1" name="myCoursePageModule.TC_06_Topic_N_Chapter_Completion_Check" time="25.100" errors="0" timestamp="2024-09-23T12:14:08 IST" skipped="0">
  <testcase classname="myCoursePageModule.TC_06_Topic_N_Chapter_Completion_Check" name="Mycoursepage" time="25.100"/>
</testsuite> <!-- myCoursePageModule.TC_06_Topic_N_Chapter_Completion_Check -->
