<?xml version="1.0" encoding="UTF-8"?>
<!-- Generated by org.testng.reporters.JUnitReportReporter -->
<testsuite hostname="DESKTOP-UG42IG5" failures="0" tests="1" name="testcase_assessment_module.TC_04_Chapter_Level_Assessment" time="23.327" errors="0" timestamp="2024-09-23T12:24:28 IST" skipped="0">
  <testcase classname="testcase_assessment_module.TC_04_Chapter_Level_Assessment" name="createAccount" time="23.327"/>
</testsuite> <!-- testcase_assessment_module.TC_04_Chapter_Level_Assessment -->
