<?xml version="1.0" encoding="UTF-8"?>
<!-- Generated by org.testng.reporters.JUnitReportReporter -->
<testsuite hostname="DESKTOP-8HN186T" failures="0" tests="1" name="landingPageModule.TC_02_LandingPage" time="60.873" errors="0" timestamp="2024-09-13T20:59:34 IST" skipped="0">
  <testcase classname="landingPageModule.TC_02_LandingPage" name="landingpage" time="60.873"/>
</testsuite> <!-- landingPageModule.TC_02_LandingPage -->
