<?xml version="1.0" encoding="UTF-8"?>
<!-- Generated by org.testng.reporters.JUnitReportReporter -->
<testsuite hostname="DESKTOP-8HN186T" failures="0" tests="1" name="signInPageModule.TC_02_SignInpage" time="13.435" errors="0" timestamp="2024-09-23T12:53:41 IST" skipped="0">
  <testcase classname="signInPageModule.TC_02_SignInpage" name="SignInpage" time="13.435"/>
</testsuite> <!-- signInPageModule.TC_02_SignInpage -->
