<?xml version="1.0" encoding="UTF-8"?>
<!-- Generated by org.testng.reporters.JUnitReportReporter -->
<testsuite hostname="DESKTOP-8HN186T" failures="0" tests="1" name="landingPageTestcases.TC_02_LandingPage" time="54.082" errors="0" timestamp="2024-09-03T10:33:46 IST" skipped="0">
  <testcase classname="landingPageTestcases.TC_02_LandingPage" name="landingpage" time="54.082"/>
</testsuite> <!-- landingPageTestcases.TC_02_LandingPage -->
