<?xml version="1.0" encoding="UTF-8"?>
<!-- Generated by org.testng.reporters.JUnitReportReporter -->
<testsuite hostname="DESKTOP-8HN186T" failures="0" tests="1" name="profilePageModule.TC_04_ProfilePage" time="38.104" errors="0" timestamp="2024-09-14T17:53:53 IST" skipped="0">
  <testcase classname="profilePageModule.TC_04_ProfilePage" name="Profilepage" time="38.104"/>
</testsuite> <!-- profilePageModule.TC_04_ProfilePage -->
