<?xml version="1.0" encoding="UTF-8"?>
<!-- Generated by org.testng.reporters.JUnitReportReporter -->
<testsuite hostname="DESKTOP-UG42IG5" failures="0" tests="1" name="testcases_general.TC01_SignInandCreateWorkspace" time="31.113" errors="0" timestamp="2025-03-06T21:39:08 IST" skipped="0">
  <testcase classname="testcases_general.TC01_SignInandCreateWorkspace" name="signInCreateWorkspace" time="31.113"/>
  <system-out/>
</testsuite> <!-- testcases_general.TC01_SignInandCreateWorkspace -->
