<?xml version="1.0" encoding="UTF-8"?>
<!-- Generated by org.testng.reporters.JUnitReportReporter -->
<testsuite hostname="DESKTOP-8HN186T" failures="0" tests="1" name="signInPage.TC_01_SignInpage" time="18.690" errors="0" timestamp="2024-08-28T15:34:09 IST" skipped="0">
  <testcase classname="signInPage.TC_01_SignInpage" name="Cartpage" time="18.690"/>
</testsuite> <!-- signInPage.TC_01_SignInpage -->
