<?xml version="1.0" encoding="UTF-8"?>
<!-- Generated by org.testng.reporters.JUnitReportReporter -->
<testsuite hostname="DESKTOP-UG42IG5" failures="0" tests="1" name="testcases.TC03_TakeChapterlevelAssessment" time="25.650" errors="0" timestamp="2024-09-11T09:50:51 IST" skipped="0">
  <testcase classname="testcases.TC03_TakeChapterlevelAssessment" name="SelectSubject" time="25.650"/>
</testsuite> <!-- testcases.TC03_TakeChapterlevelAssessment -->
