<?xml version="1.0" encoding="UTF-8"?>
<!-- Generated by org.testng.reporters.JUnitReportReporter -->
<testsuite hostname="DESKTOP-UG42IG5" failures="0" tests="1" name="testcases.TC02_Selectsubject" time="25.791" errors="0" timestamp="2024-09-12T10:54:51 IST" skipped="0">
  <testcase classname="testcases.TC02_Selectsubject" name="SelectSubject" time="25.791"/>
</testsuite> <!-- testcases.TC02_Selectsubject -->
